  app.c
C:\Users\School\Desktop\Transformice Fishing Event\apphelper.h(529,18): warning C4047: '!=': 'int' differs in levels of indirection from 'void *'
C:\Users\School\Desktop\Transformice Fishing Event\apphelper.h(533,20): warning C4047: '!=': 'int' differs in levels of indirection from 'void *'
C:\Users\School\Desktop\Transformice Fishing Event\apphelper.h(537,20): warning C4047: '!=': 'int' differs in levels of indirection from 'void *'
C:\Users\School\Desktop\Transformice Fishing Event\apphelper.h(541,20): warning C4047: '!=': 'int' differs in levels of indirection from 'void *'
C:\Users\School\Desktop\Transformice Fishing Event\apphelper.h(545,20): warning C4047: '!=': 'int' differs in levels of indirection from 'void *'
C:\Users\School\Desktop\Transformice Fishing Event\apphelper.h(549,20): warning C4047: '!=': 'int' differs in levels of indirection from 'void *'
C:\Users\School\Desktop\Transformice Fishing Event\apphelper.h(553,20): warning C4047: '!=': 'int' differs in levels of indirection from 'void *'
C:\Users\School\Desktop\Transformice Fishing Event\apphelper.h(557,20): warning C4047: '!=': 'int' differs in levels of indirection from 'void *'
C:\Users\School\Desktop\Transformice Fishing Event\apphelper.h(561,20): warning C4047: '!=': 'int' differs in levels of indirection from 'void *'
C:\Users\School\Desktop\Transformice Fishing Event\apphelper.h(565,21): warning C4047: '!=': 'int' differs in levels of indirection from 'void *'
C:\Users\School\Desktop\Transformice Fishing Event\apphelper.h(565,37): warning C4047: '!=': 'int' differs in levels of indirection from 'void *'
C:\Users\School\Desktop\Transformice Fishing Event\apphelper.h(570,20): warning C4047: '!=': 'int' differs in levels of indirection from 'void *'
C:\Users\School\Desktop\Transformice Fishing Event\apphelper.h(574,20): warning C4047: '!=': 'int' differs in levels of indirection from 'void *'
C:\Users\School\Desktop\Transformice Fishing Event\apphelper.h(578,20): warning C4047: '!=': 'int' differs in levels of indirection from 'void *'
C:\Users\School\Desktop\Transformice Fishing Event\apphelper.h(582,20): warning C4047: '!=': 'int' differs in levels of indirection from 'void *'
C:\Users\School\Desktop\Transformice Fishing Event\apphelper.h(586,20): warning C4047: '!=': 'int' differs in levels of indirection from 'void *'
C:\Users\School\Desktop\Transformice Fishing Event\apphelper.h(590,20): warning C4047: '!=': 'int' differs in levels of indirection from 'void *'
C:\Users\School\Desktop\Transformice Fishing Event\apphelper.h(594,20): warning C4047: '!=': 'int' differs in levels of indirection from 'void *'
C:\Users\School\Desktop\Transformice Fishing Event\apphelper.h(598,20): warning C4047: '!=': 'int' differs in levels of indirection from 'void *'
C:\Users\School\Desktop\Transformice Fishing Event\apphelper.h(602,20): warning C4047: '!=': 'int' differs in levels of indirection from 'void *'
C:\Users\School\Desktop\Transformice Fishing Event\apphelper.h(606,21): warning C4047: '!=': 'int' differs in levels of indirection from 'void *'
C:\Users\School\Desktop\Transformice Fishing Event\apphelper.h(606,37): warning C4047: '!=': 'int' differs in levels of indirection from 'void *'
C:\Users\School\Desktop\Transformice Fishing Event\apphelper.h(611,20): warning C4047: '!=': 'int' differs in levels of indirection from 'void *'
C:\Users\School\Desktop\Transformice Fishing Event\apphelper.h(615,20): warning C4047: '!=': 'int' differs in levels of indirection from 'void *'
C:\Users\School\Desktop\Transformice Fishing Event\apphelper.h(619,20): warning C4047: '!=': 'int' differs in levels of indirection from 'void *'
C:\Users\School\Desktop\Transformice Fishing Event\apphelper.h(623,20): warning C4047: '!=': 'int' differs in levels of indirection from 'void *'
C:\Users\School\Desktop\Transformice Fishing Event\apphelper.h(627,20): warning C4047: '!=': 'int' differs in levels of indirection from 'void *'
C:\Users\School\Desktop\Transformice Fishing Event\apphelper.h(631,20): warning C4047: '!=': 'int' differs in levels of indirection from 'void *'
C:\Users\School\Desktop\Transformice Fishing Event\apphelper.h(635,20): warning C4047: '!=': 'int' differs in levels of indirection from 'void *'
C:\Users\School\Desktop\Transformice Fishing Event\apphelper.h(639,20): warning C4047: '!=': 'int' differs in levels of indirection from 'void *'
C:\Users\School\Desktop\Transformice Fishing Event\apphelper.h(643,20): warning C4047: '!=': 'int' differs in levels of indirection from 'void *'
C:\Users\School\Desktop\Transformice Fishing Event\apphelper.h(647,21): warning C4047: '!=': 'int' differs in levels of indirection from 'void *'
C:\Users\School\Desktop\Transformice Fishing Event\apphelper.h(647,37): warning C4047: '!=': 'int' differs in levels of indirection from 'void *'
C:\Users\School\Desktop\Transformice Fishing Event\apphelper.h(652,20): warning C4047: '!=': 'int' differs in levels of indirection from 'void *'
C:\Users\School\Desktop\Transformice Fishing Event\apphelper.h(656,20): warning C4047: '!=': 'int' differs in levels of indirection from 'void *'
C:\Users\School\Desktop\Transformice Fishing Event\apphelper.h(660,20): warning C4047: '!=': 'int' differs in levels of indirection from 'void *'
C:\Users\School\Desktop\Transformice Fishing Event\apphelper.h(664,20): warning C4047: '!=': 'int' differs in levels of indirection from 'void *'
C:\Users\School\Desktop\Transformice Fishing Event\apphelper.h(668,20): warning C4047: '!=': 'int' differs in levels of indirection from 'void *'
C:\Users\School\Desktop\Transformice Fishing Event\apphelper.h(672,20): warning C4047: '!=': 'int' differs in levels of indirection from 'void *'
C:\Users\School\Desktop\Transformice Fishing Event\apphelper.h(676,20): warning C4047: '!=': 'int' differs in levels of indirection from 'void *'
C:\Users\School\Desktop\Transformice Fishing Event\apphelper.h(680,20): warning C4047: '!=': 'int' differs in levels of indirection from 'void *'
C:\Users\School\Desktop\Transformice Fishing Event\apphelper.h(684,20): warning C4047: '!=': 'int' differs in levels of indirection from 'void *'
C:\Users\School\Desktop\Transformice Fishing Event\apphelper.h(688,21): warning C4047: '!=': 'int' differs in levels of indirection from 'void *'
C:\Users\School\Desktop\Transformice Fishing Event\apphelper.h(688,37): warning C4047: '!=': 'int' differs in levels of indirection from 'void *'
C:\Users\School\Desktop\Transformice Fishing Event\apphelper.h(693,20): warning C4047: '!=': 'int' differs in levels of indirection from 'void *'
C:\Users\School\Desktop\Transformice Fishing Event\apphelper.h(697,20): warning C4047: '!=': 'int' differs in levels of indirection from 'void *'
C:\Users\School\Desktop\Transformice Fishing Event\apphelper.h(701,20): warning C4047: '!=': 'int' differs in levels of indirection from 'void *'
C:\Users\School\Desktop\Transformice Fishing Event\apphelper.h(705,20): warning C4047: '!=': 'int' differs in levels of indirection from 'void *'
C:\Users\School\Desktop\Transformice Fishing Event\apphelper.h(709,20): warning C4047: '!=': 'int' differs in levels of indirection from 'void *'
C:\Users\School\Desktop\Transformice Fishing Event\apphelper.h(713,20): warning C4047: '!=': 'int' differs in levels of indirection from 'void *'
C:\Users\School\Desktop\Transformice Fishing Event\apphelper.h(717,20): warning C4047: '!=': 'int' differs in levels of indirection from 'void *'
C:\Users\School\Desktop\Transformice Fishing Event\apphelper.h(721,20): warning C4047: '!=': 'int' differs in levels of indirection from 'void *'
C:\Users\School\Desktop\Transformice Fishing Event\apphelper.h(725,20): warning C4047: '!=': 'int' differs in levels of indirection from 'void *'
C:\Users\School\Desktop\Transformice Fishing Event\apphelper.h(729,21): warning C4047: '!=': 'int' differs in levels of indirection from 'void *'
C:\Users\School\Desktop\Transformice Fishing Event\apphelper.h(729,37): warning C4047: '!=': 'int' differs in levels of indirection from 'void *'
C:\Users\School\Desktop\Transformice Fishing Event\apphelper.h(734,20): warning C4047: '!=': 'int' differs in levels of indirection from 'void *'
C:\Users\School\Desktop\Transformice Fishing Event\apphelper.h(738,20): warning C4047: '!=': 'int' differs in levels of indirection from 'void *'
C:\Users\School\Desktop\Transformice Fishing Event\apphelper.h(742,20): warning C4047: '!=': 'int' differs in levels of indirection from 'void *'
C:\Users\School\Desktop\Transformice Fishing Event\apphelper.h(746,20): warning C4047: '!=': 'int' differs in levels of indirection from 'void *'
C:\Users\School\Desktop\Transformice Fishing Event\apphelper.h(750,20): warning C4047: '!=': 'int' differs in levels of indirection from 'void *'
C:\Users\School\Desktop\Transformice Fishing Event\apphelper.h(754,20): warning C4047: '!=': 'int' differs in levels of indirection from 'void *'
C:\Users\School\Desktop\Transformice Fishing Event\apphelper.h(758,20): warning C4047: '!=': 'int' differs in levels of indirection from 'void *'
C:\Users\School\Desktop\Transformice Fishing Event\apphelper.h(762,20): warning C4047: '!=': 'int' differs in levels of indirection from 'void *'
C:\Users\School\Desktop\Transformice Fishing Event\apphelper.h(766,20): warning C4047: '!=': 'int' differs in levels of indirection from 'void *'
C:\Users\School\Desktop\Transformice Fishing Event\apphelper.h(770,21): warning C4047: '!=': 'int' differs in levels of indirection from 'void *'
C:\Users\School\Desktop\Transformice Fishing Event\apphelper.h(770,37): warning C4047: '!=': 'int' differs in levels of indirection from 'void *'
C:\Users\School\Desktop\Transformice Fishing Event\app.c(443,28): warning C4047: '!=': 'int' differs in levels of indirection from 'void *'
C:\Users\School\Desktop\Transformice Fishing Event\app.c(447,28): warning C4047: '!=': 'int' differs in levels of indirection from 'void *'
C:\Users\School\Desktop\Transformice Fishing Event\app.c(451,28): warning C4047: '!=': 'int' differs in levels of indirection from 'void *'
C:\Users\School\Desktop\Transformice Fishing Event\app.c(455,28): warning C4047: '!=': 'int' differs in levels of indirection from 'void *'
C:\Users\School\Desktop\Transformice Fishing Event\app.c(459,28): warning C4047: '!=': 'int' differs in levels of indirection from 'void *'
C:\Users\School\Desktop\Transformice Fishing Event\app.c(463,28): warning C4047: '!=': 'int' differs in levels of indirection from 'void *'
C:\Users\School\Desktop\Transformice Fishing Event\app.c(467,28): warning C4047: '!=': 'int' differs in levels of indirection from 'void *'
C:\Users\School\Desktop\Transformice Fishing Event\app.c(471,28): warning C4047: '!=': 'int' differs in levels of indirection from 'void *'
C:\Users\School\Desktop\Transformice Fishing Event\app.c(475,28): warning C4047: '!=': 'int' differs in levels of indirection from 'void *'
C:\Users\School\Desktop\Transformice Fishing Event\app.c(479,29): warning C4047: '!=': 'int' differs in levels of indirection from 'void *'
C:\Users\School\Desktop\Transformice Fishing Event\app.c(479,52): warning C4047: '!=': 'int' differs in levels of indirection from 'void *'
C:\Users\School\Desktop\Transformice Fishing Event\app.c(484,28): warning C4047: '!=': 'int' differs in levels of indirection from 'void *'
C:\Users\School\Desktop\Transformice Fishing Event\app.c(488,28): warning C4047: '!=': 'int' differs in levels of indirection from 'void *'
C:\Users\School\Desktop\Transformice Fishing Event\app.c(492,28): warning C4047: '!=': 'int' differs in levels of indirection from 'void *'
C:\Users\School\Desktop\Transformice Fishing Event\app.c(496,28): warning C4047: '!=': 'int' differs in levels of indirection from 'void *'
C:\Users\School\Desktop\Transformice Fishing Event\app.c(500,28): warning C4047: '!=': 'int' differs in levels of indirection from 'void *'
C:\Users\School\Desktop\Transformice Fishing Event\app.c(504,28): warning C4047: '!=': 'int' differs in levels of indirection from 'void *'
C:\Users\School\Desktop\Transformice Fishing Event\app.c(508,28): warning C4047: '!=': 'int' differs in levels of indirection from 'void *'
C:\Users\School\Desktop\Transformice Fishing Event\app.c(512,28): warning C4047: '!=': 'int' differs in levels of indirection from 'void *'
C:\Users\School\Desktop\Transformice Fishing Event\app.c(516,28): warning C4047: '!=': 'int' differs in levels of indirection from 'void *'
C:\Users\School\Desktop\Transformice Fishing Event\app.c(520,29): warning C4047: '!=': 'int' differs in levels of indirection from 'void *'
C:\Users\School\Desktop\Transformice Fishing Event\app.c(520,52): warning C4047: '!=': 'int' differs in levels of indirection from 'void *'
C:\Users\School\Desktop\Transformice Fishing Event\app.c(525,28): warning C4047: '!=': 'int' differs in levels of indirection from 'void *'
C:\Users\School\Desktop\Transformice Fishing Event\app.c(529,28): warning C4047: '!=': 'int' differs in levels of indirection from 'void *'
C:\Users\School\Desktop\Transformice Fishing Event\app.c(533,28): warning C4047: '!=': 'int' differs in levels of indirection from 'void *'
C:\Users\School\Desktop\Transformice Fishing Event\app.c(537,28): warning C4047: '!=': 'int' differs in levels of indirection from 'void *'
C:\Users\School\Desktop\Transformice Fishing Event\app.c(541,28): warning C4047: '!=': 'int' differs in levels of indirection from 'void *'
C:\Users\School\Desktop\Transformice Fishing Event\app.c(545,28): warning C4047: '!=': 'int' differs in levels of indirection from 'void *'
C:\Users\School\Desktop\Transformice Fishing Event\app.c(549,28): warning C4047: '!=': 'int' differs in levels of indirection from 'void *'
C:\Users\School\Desktop\Transformice Fishing Event\app.c(553,28): warning C4047: '!=': 'int' differs in levels of indirection from 'void *'
C:\Users\School\Desktop\Transformice Fishing Event\app.c(557,28): warning C4047: '!=': 'int' differs in levels of indirection from 'void *'
C:\Users\School\Desktop\Transformice Fishing Event\app.c(561,29): warning C4047: '!=': 'int' differs in levels of indirection from 'void *'
C:\Users\School\Desktop\Transformice Fishing Event\app.c(561,52): warning C4047: '!=': 'int' differs in levels of indirection from 'void *'
C:\Users\School\Desktop\Transformice Fishing Event\app.c(566,28): warning C4047: '!=': 'int' differs in levels of indirection from 'void *'
C:\Users\School\Desktop\Transformice Fishing Event\app.c(570,28): warning C4047: '!=': 'int' differs in levels of indirection from 'void *'
C:\Users\School\Desktop\Transformice Fishing Event\app.c(574,28): warning C4047: '!=': 'int' differs in levels of indirection from 'void *'
C:\Users\School\Desktop\Transformice Fishing Event\app.c(578,28): warning C4047: '!=': 'int' differs in levels of indirection from 'void *'
C:\Users\School\Desktop\Transformice Fishing Event\app.c(582,28): warning C4047: '!=': 'int' differs in levels of indirection from 'void *'
C:\Users\School\Desktop\Transformice Fishing Event\app.c(586,28): warning C4047: '!=': 'int' differs in levels of indirection from 'void *'
C:\Users\School\Desktop\Transformice Fishing Event\app.c(590,28): warning C4047: '!=': 'int' differs in levels of indirection from 'void *'
C:\Users\School\Desktop\Transformice Fishing Event\app.c(594,28): warning C4047: '!=': 'int' differs in levels of indirection from 'void *'
C:\Users\School\Desktop\Transformice Fishing Event\app.c(598,28): warning C4047: '!=': 'int' differs in levels of indirection from 'void *'
C:\Users\School\Desktop\Transformice Fishing Event\app.c(602,29): warning C4047: '!=': 'int' differs in levels of indirection from 'void *'
C:\Users\School\Desktop\Transformice Fishing Event\app.c(602,52): warning C4047: '!=': 'int' differs in levels of indirection from 'void *'
C:\Users\School\Desktop\Transformice Fishing Event\app.c(607,28): warning C4047: '!=': 'int' differs in levels of indirection from 'void *'
C:\Users\School\Desktop\Transformice Fishing Event\app.c(611,28): warning C4047: '!=': 'int' differs in levels of indirection from 'void *'
C:\Users\School\Desktop\Transformice Fishing Event\app.c(615,28): warning C4047: '!=': 'int' differs in levels of indirection from 'void *'
C:\Users\School\Desktop\Transformice Fishing Event\app.c(619,28): warning C4047: '!=': 'int' differs in levels of indirection from 'void *'
C:\Users\School\Desktop\Transformice Fishing Event\app.c(623,28): warning C4047: '!=': 'int' differs in levels of indirection from 'void *'
C:\Users\School\Desktop\Transformice Fishing Event\app.c(627,28): warning C4047: '!=': 'int' differs in levels of indirection from 'void *'
C:\Users\School\Desktop\Transformice Fishing Event\app.c(631,28): warning C4047: '!=': 'int' differs in levels of indirection from 'void *'
C:\Users\School\Desktop\Transformice Fishing Event\app.c(635,28): warning C4047: '!=': 'int' differs in levels of indirection from 'void *'
C:\Users\School\Desktop\Transformice Fishing Event\app.c(639,28): warning C4047: '!=': 'int' differs in levels of indirection from 'void *'
C:\Users\School\Desktop\Transformice Fishing Event\app.c(643,29): warning C4047: '!=': 'int' differs in levels of indirection from 'void *'
C:\Users\School\Desktop\Transformice Fishing Event\app.c(643,52): warning C4047: '!=': 'int' differs in levels of indirection from 'void *'
C:\Users\School\Desktop\Transformice Fishing Event\app.c(648,28): warning C4047: '!=': 'int' differs in levels of indirection from 'void *'
C:\Users\School\Desktop\Transformice Fishing Event\app.c(652,28): warning C4047: '!=': 'int' differs in levels of indirection from 'void *'
C:\Users\School\Desktop\Transformice Fishing Event\app.c(656,28): warning C4047: '!=': 'int' differs in levels of indirection from 'void *'
C:\Users\School\Desktop\Transformice Fishing Event\app.c(660,28): warning C4047: '!=': 'int' differs in levels of indirection from 'void *'
C:\Users\School\Desktop\Transformice Fishing Event\app.c(664,28): warning C4047: '!=': 'int' differs in levels of indirection from 'void *'
C:\Users\School\Desktop\Transformice Fishing Event\app.c(668,28): warning C4047: '!=': 'int' differs in levels of indirection from 'void *'
C:\Users\School\Desktop\Transformice Fishing Event\app.c(672,28): warning C4047: '!=': 'int' differs in levels of indirection from 'void *'
C:\Users\School\Desktop\Transformice Fishing Event\app.c(676,28): warning C4047: '!=': 'int' differs in levels of indirection from 'void *'
C:\Users\School\Desktop\Transformice Fishing Event\app.c(680,28): warning C4047: '!=': 'int' differs in levels of indirection from 'void *'
C:\Users\School\Desktop\Transformice Fishing Event\app.c(684,29): warning C4047: '!=': 'int' differs in levels of indirection from 'void *'
C:\Users\School\Desktop\Transformice Fishing Event\app.c(684,52): warning C4047: '!=': 'int' differs in levels of indirection from 'void *'
C:\Users\School\Desktop\Transformice Fishing Event\app.c(871,182): warning C4474: 'printf' : too many arguments passed for format string
C:\Users\School\Desktop\Transformice Fishing Event\app.c(871,182): message : placeholders and their parameters expect 6 variadic arguments, but 7 were provided
C:\Users\School\Desktop\Transformice Fishing Event\app.c(954,182): warning C4474: 'printf' : too many arguments passed for format string
C:\Users\School\Desktop\Transformice Fishing Event\app.c(954,182): message : placeholders and their parameters expect 6 variadic arguments, but 7 were provided
C:\Users\School\Desktop\Transformice Fishing Event\app.c(1045,157): warning C4474: 'printf' : too many arguments passed for format string
C:\Users\School\Desktop\Transformice Fishing Event\app.c(1045,157): message : placeholders and their parameters expect 5 variadic arguments, but 6 were provided
C:\Users\School\Desktop\Transformice Fishing Event\app.c(1102,157): warning C4474: 'printf' : too many arguments passed for format string
C:\Users\School\Desktop\Transformice Fishing Event\app.c(1102,157): message : placeholders and their parameters expect 5 variadic arguments, but 6 were provided
C:\Users\School\Desktop\Transformice Fishing Event\app.c(1182,157): warning C4474: 'printf' : too many arguments passed for format string
C:\Users\School\Desktop\Transformice Fishing Event\app.c(1182,157): message : placeholders and their parameters expect 5 variadic arguments, but 6 were provided
C:\Users\School\Desktop\Transformice Fishing Event\app.c(1228,182): warning C4474: 'printf' : too many arguments passed for format string
C:\Users\School\Desktop\Transformice Fishing Event\app.c(1228,182): message : placeholders and their parameters expect 6 variadic arguments, but 7 were provided
C:\Users\School\Desktop\Transformice Fishing Event\app.c(1307,182): warning C4474: 'printf' : too many arguments passed for format string
C:\Users\School\Desktop\Transformice Fishing Event\app.c(1307,182): message : placeholders and their parameters expect 6 variadic arguments, but 7 were provided
C:\Users\School\Desktop\Transformice Fishing Event\app.c(1388,182): warning C4474: 'printf' : too many arguments passed for format string
C:\Users\School\Desktop\Transformice Fishing Event\app.c(1388,182): message : placeholders and their parameters expect 6 variadic arguments, but 7 were provided
C:\Users\School\Desktop\Transformice Fishing Event\app.c(1424,157): warning C4474: 'printf' : too many arguments passed for format string
C:\Users\School\Desktop\Transformice Fishing Event\app.c(1424,157): message : placeholders and their parameters expect 5 variadic arguments, but 6 were provided
C:\Users\School\Desktop\Transformice Fishing Event\app.c(1470,182): warning C4474: 'printf' : too many arguments passed for format string
C:\Users\School\Desktop\Transformice Fishing Event\app.c(1470,182): message : placeholders and their parameters expect 6 variadic arguments, but 7 were provided
C:\Users\School\Desktop\Transformice Fishing Event\app.c(1506,157): warning C4474: 'printf' : too many arguments passed for format string
C:\Users\School\Desktop\Transformice Fishing Event\app.c(1506,157): message : placeholders and their parameters expect 5 variadic arguments, but 6 were provided
C:\Users\School\Desktop\Transformice Fishing Event\app.c(1589,157): warning C4474: 'printf' : too many arguments passed for format string
C:\Users\School\Desktop\Transformice Fishing Event\app.c(1589,157): message : placeholders and their parameters expect 5 variadic arguments, but 6 were provided
C:\Users\School\Desktop\Transformice Fishing Event\app.c(1661,182): warning C4474: 'printf' : too many arguments passed for format string
C:\Users\School\Desktop\Transformice Fishing Event\app.c(1661,182): message : placeholders and their parameters expect 6 variadic arguments, but 7 were provided
C:\Users\School\Desktop\Transformice Fishing Event\app.c(1768,182): warning C4474: 'printf' : too many arguments passed for format string
C:\Users\School\Desktop\Transformice Fishing Event\app.c(1768,182): message : placeholders and their parameters expect 6 variadic arguments, but 7 were provided
C:\Users\School\Desktop\Transformice Fishing Event\app.c(1815,27): warning C4047: '=': 'char' differs in levels of indirection from 'void *'
C:\Users\School\Desktop\Transformice Fishing Event\app.c(1818,27): warning C4047: '=': 'char' differs in levels of indirection from 'void *'
C:\Users\School\Desktop\Transformice Fishing Event\app.c(1821,27): warning C4047: '=': 'char' differs in levels of indirection from 'void *'
C:\Users\School\Desktop\Transformice Fishing Event\app.c(1824,27): warning C4047: '=': 'char' differs in levels of indirection from 'void *'
C:\Users\School\Desktop\Transformice Fishing Event\app.c(1827,27): warning C4047: '=': 'char' differs in levels of indirection from 'void *'
C:\Users\School\Desktop\Transformice Fishing Event\app.c(1830,27): warning C4047: '=': 'char' differs in levels of indirection from 'void *'
C:\Users\School\Desktop\Transformice Fishing Event\app.c(1833,27): warning C4047: '=': 'char' differs in levels of indirection from 'void *'
C:\Users\School\Desktop\Transformice Fishing Event\app.c(1836,27): warning C4047: '=': 'char' differs in levels of indirection from 'void *'
C:\Users\School\Desktop\Transformice Fishing Event\app.c(1839,27): warning C4047: '=': 'char' differs in levels of indirection from 'void *'
C:\Users\School\Desktop\Transformice Fishing Event\app.c(1842,27): warning C4047: '=': 'char' differs in levels of indirection from 'void *'
C:\Users\School\Desktop\Transformice Fishing Event\app.c(1843,28): warning C4047: '=': 'char' differs in levels of indirection from 'void *'
C:\Users\School\Desktop\Transformice Fishing Event\app.c(1852,27): warning C4047: '=': 'char' differs in levels of indirection from 'void *'
C:\Users\School\Desktop\Transformice Fishing Event\app.c(1855,27): warning C4047: '=': 'char' differs in levels of indirection from 'void *'
C:\Users\School\Desktop\Transformice Fishing Event\app.c(1858,27): warning C4047: '=': 'char' differs in levels of indirection from 'void *'
C:\Users\School\Desktop\Transformice Fishing Event\app.c(1861,27): warning C4047: '=': 'char' differs in levels of indirection from 'void *'
C:\Users\School\Desktop\Transformice Fishing Event\app.c(1864,27): warning C4047: '=': 'char' differs in levels of indirection from 'void *'
C:\Users\School\Desktop\Transformice Fishing Event\app.c(1867,27): warning C4047: '=': 'char' differs in levels of indirection from 'void *'
C:\Users\School\Desktop\Transformice Fishing Event\app.c(1870,27): warning C4047: '=': 'char' differs in levels of indirection from 'void *'
C:\Users\School\Desktop\Transformice Fishing Event\app.c(1873,27): warning C4047: '=': 'char' differs in levels of indirection from 'void *'
C:\Users\School\Desktop\Transformice Fishing Event\app.c(1876,27): warning C4047: '=': 'char' differs in levels of indirection from 'void *'
C:\Users\School\Desktop\Transformice Fishing Event\app.c(1879,27): warning C4047: '=': 'char' differs in levels of indirection from 'void *'
C:\Users\School\Desktop\Transformice Fishing Event\app.c(1880,28): warning C4047: '=': 'char' differs in levels of indirection from 'void *'
C:\Users\School\Desktop\Transformice Fishing Event\app.c(1889,27): warning C4047: '=': 'char' differs in levels of indirection from 'void *'
C:\Users\School\Desktop\Transformice Fishing Event\app.c(1892,27): warning C4047: '=': 'char' differs in levels of indirection from 'void *'
C:\Users\School\Desktop\Transformice Fishing Event\app.c(1895,27): warning C4047: '=': 'char' differs in levels of indirection from 'void *'
C:\Users\School\Desktop\Transformice Fishing Event\app.c(1898,27): warning C4047: '=': 'char' differs in levels of indirection from 'void *'
C:\Users\School\Desktop\Transformice Fishing Event\app.c(1901,27): warning C4047: '=': 'char' differs in levels of indirection from 'void *'
C:\Users\School\Desktop\Transformice Fishing Event\app.c(1904,27): warning C4047: '=': 'char' differs in levels of indirection from 'void *'
C:\Users\School\Desktop\Transformice Fishing Event\app.c(1907,27): warning C4047: '=': 'char' differs in levels of indirection from 'void *'
C:\Users\School\Desktop\Transformice Fishing Event\app.c(1910,27): warning C4047: '=': 'char' differs in levels of indirection from 'void *'
C:\Users\School\Desktop\Transformice Fishing Event\app.c(1913,27): warning C4047: '=': 'char' differs in levels of indirection from 'void *'
C:\Users\School\Desktop\Transformice Fishing Event\app.c(1916,27): warning C4047: '=': 'char' differs in levels of indirection from 'void *'
C:\Users\School\Desktop\Transformice Fishing Event\app.c(1917,28): warning C4047: '=': 'char' differs in levels of indirection from 'void *'
C:\Users\School\Desktop\Transformice Fishing Event\app.c(1926,27): warning C4047: '=': 'char' differs in levels of indirection from 'void *'
C:\Users\School\Desktop\Transformice Fishing Event\app.c(1929,27): warning C4047: '=': 'char' differs in levels of indirection from 'void *'
C:\Users\School\Desktop\Transformice Fishing Event\app.c(1932,27): warning C4047: '=': 'char' differs in levels of indirection from 'void *'
C:\Users\School\Desktop\Transformice Fishing Event\app.c(1935,27): warning C4047: '=': 'char' differs in levels of indirection from 'void *'
C:\Users\School\Desktop\Transformice Fishing Event\app.c(1938,27): warning C4047: '=': 'char' differs in levels of indirection from 'void *'
C:\Users\School\Desktop\Transformice Fishing Event\app.c(1941,27): warning C4047: '=': 'char' differs in levels of indirection from 'void *'
C:\Users\School\Desktop\Transformice Fishing Event\app.c(1944,27): warning C4047: '=': 'char' differs in levels of indirection from 'void *'
C:\Users\School\Desktop\Transformice Fishing Event\app.c(1947,27): warning C4047: '=': 'char' differs in levels of indirection from 'void *'
C:\Users\School\Desktop\Transformice Fishing Event\app.c(1950,27): warning C4047: '=': 'char' differs in levels of indirection from 'void *'
C:\Users\School\Desktop\Transformice Fishing Event\app.c(1953,27): warning C4047: '=': 'char' differs in levels of indirection from 'void *'
C:\Users\School\Desktop\Transformice Fishing Event\app.c(1954,28): warning C4047: '=': 'char' differs in levels of indirection from 'void *'
C:\Users\School\Desktop\Transformice Fishing Event\app.c(1963,27): warning C4047: '=': 'char' differs in levels of indirection from 'void *'
C:\Users\School\Desktop\Transformice Fishing Event\app.c(1966,27): warning C4047: '=': 'char' differs in levels of indirection from 'void *'
C:\Users\School\Desktop\Transformice Fishing Event\app.c(1969,27): warning C4047: '=': 'char' differs in levels of indirection from 'void *'
C:\Users\School\Desktop\Transformice Fishing Event\app.c(1972,27): warning C4047: '=': 'char' differs in levels of indirection from 'void *'
C:\Users\School\Desktop\Transformice Fishing Event\app.c(1975,27): warning C4047: '=': 'char' differs in levels of indirection from 'void *'
C:\Users\School\Desktop\Transformice Fishing Event\app.c(1978,27): warning C4047: '=': 'char' differs in levels of indirection from 'void *'
C:\Users\School\Desktop\Transformice Fishing Event\app.c(1981,27): warning C4047: '=': 'char' differs in levels of indirection from 'void *'
C:\Users\School\Desktop\Transformice Fishing Event\app.c(1984,27): warning C4047: '=': 'char' differs in levels of indirection from 'void *'
C:\Users\School\Desktop\Transformice Fishing Event\app.c(1987,27): warning C4047: '=': 'char' differs in levels of indirection from 'void *'
C:\Users\School\Desktop\Transformice Fishing Event\app.c(1990,27): warning C4047: '=': 'char' differs in levels of indirection from 'void *'
C:\Users\School\Desktop\Transformice Fishing Event\app.c(1991,28): warning C4047: '=': 'char' differs in levels of indirection from 'void *'
C:\Users\School\Desktop\Transformice Fishing Event\app.c(2000,27): warning C4047: '=': 'char' differs in levels of indirection from 'void *'
C:\Users\School\Desktop\Transformice Fishing Event\app.c(2003,27): warning C4047: '=': 'char' differs in levels of indirection from 'void *'
C:\Users\School\Desktop\Transformice Fishing Event\app.c(2006,27): warning C4047: '=': 'char' differs in levels of indirection from 'void *'
C:\Users\School\Desktop\Transformice Fishing Event\app.c(2009,27): warning C4047: '=': 'char' differs in levels of indirection from 'void *'
C:\Users\School\Desktop\Transformice Fishing Event\app.c(2012,27): warning C4047: '=': 'char' differs in levels of indirection from 'void *'
C:\Users\School\Desktop\Transformice Fishing Event\app.c(2015,27): warning C4047: '=': 'char' differs in levels of indirection from 'void *'
C:\Users\School\Desktop\Transformice Fishing Event\app.c(2018,27): warning C4047: '=': 'char' differs in levels of indirection from 'void *'
C:\Users\School\Desktop\Transformice Fishing Event\app.c(2021,27): warning C4047: '=': 'char' differs in levels of indirection from 'void *'
C:\Users\School\Desktop\Transformice Fishing Event\app.c(2024,27): warning C4047: '=': 'char' differs in levels of indirection from 'void *'
C:\Users\School\Desktop\Transformice Fishing Event\app.c(2027,27): warning C4047: '=': 'char' differs in levels of indirection from 'void *'
C:\Users\School\Desktop\Transformice Fishing Event\app.c(2028,28): warning C4047: '=': 'char' differs in levels of indirection from 'void *'
C:\Users\School\Desktop\Transformice Fishing Event\app.c(2322,31): warning C4047: '!=': 'int' differs in levels of indirection from 'void *'
C:\Users\School\Desktop\Transformice Fishing Event\app.c(2326,31): warning C4047: '!=': 'int' differs in levels of indirection from 'void *'
C:\Users\School\Desktop\Transformice Fishing Event\app.c(2330,31): warning C4047: '!=': 'int' differs in levels of indirection from 'void *'
C:\Users\School\Desktop\Transformice Fishing Event\app.c(2334,31): warning C4047: '!=': 'int' differs in levels of indirection from 'void *'
C:\Users\School\Desktop\Transformice Fishing Event\app.c(2338,31): warning C4047: '!=': 'int' differs in levels of indirection from 'void *'
C:\Users\School\Desktop\Transformice Fishing Event\app.c(2342,31): warning C4047: '!=': 'int' differs in levels of indirection from 'void *'
C:\Users\School\Desktop\Transformice Fishing Event\app.c(2346,31): warning C4047: '!=': 'int' differs in levels of indirection from 'void *'
C:\Users\School\Desktop\Transformice Fishing Event\app.c(2350,31): warning C4047: '!=': 'int' differs in levels of indirection from 'void *'
C:\Users\School\Desktop\Transformice Fishing Event\app.c(2354,31): warning C4047: '!=': 'int' differs in levels of indirection from 'void *'
C:\Users\School\Desktop\Transformice Fishing Event\app.c(2358,32): warning C4047: '!=': 'int' differs in levels of indirection from 'void *'
C:\Users\School\Desktop\Transformice Fishing Event\app.c(2358,55): warning C4047: '!=': 'int' differs in levels of indirection from 'void *'
C:\Users\School\Desktop\Transformice Fishing Event\app.c(2363,31): warning C4047: '!=': 'int' differs in levels of indirection from 'void *'
C:\Users\School\Desktop\Transformice Fishing Event\app.c(2367,31): warning C4047: '!=': 'int' differs in levels of indirection from 'void *'
C:\Users\School\Desktop\Transformice Fishing Event\app.c(2371,31): warning C4047: '!=': 'int' differs in levels of indirection from 'void *'
C:\Users\School\Desktop\Transformice Fishing Event\app.c(2375,31): warning C4047: '!=': 'int' differs in levels of indirection from 'void *'
C:\Users\School\Desktop\Transformice Fishing Event\app.c(2379,31): warning C4047: '!=': 'int' differs in levels of indirection from 'void *'
C:\Users\School\Desktop\Transformice Fishing Event\app.c(2383,31): warning C4047: '!=': 'int' differs in levels of indirection from 'void *'
C:\Users\School\Desktop\Transformice Fishing Event\app.c(2387,31): warning C4047: '!=': 'int' differs in levels of indirection from 'void *'
C:\Users\School\Desktop\Transformice Fishing Event\app.c(2391,31): warning C4047: '!=': 'int' differs in levels of indirection from 'void *'
C:\Users\School\Desktop\Transformice Fishing Event\app.c(2395,31): warning C4047: '!=': 'int' differs in levels of indirection from 'void *'
C:\Users\School\Desktop\Transformice Fishing Event\app.c(2399,32): warning C4047: '!=': 'int' differs in levels of indirection from 'void *'
C:\Users\School\Desktop\Transformice Fishing Event\app.c(2399,55): warning C4047: '!=': 'int' differs in levels of indirection from 'void *'
C:\Users\School\Desktop\Transformice Fishing Event\app.c(2404,31): warning C4047: '!=': 'int' differs in levels of indirection from 'void *'
C:\Users\School\Desktop\Transformice Fishing Event\app.c(2408,31): warning C4047: '!=': 'int' differs in levels of indirection from 'void *'
C:\Users\School\Desktop\Transformice Fishing Event\app.c(2412,31): warning C4047: '!=': 'int' differs in levels of indirection from 'void *'
C:\Users\School\Desktop\Transformice Fishing Event\app.c(2416,31): warning C4047: '!=': 'int' differs in levels of indirection from 'void *'
C:\Users\School\Desktop\Transformice Fishing Event\app.c(2420,31): warning C4047: '!=': 'int' differs in levels of indirection from 'void *'
C:\Users\School\Desktop\Transformice Fishing Event\app.c(2424,31): warning C4047: '!=': 'int' differs in levels of indirection from 'void *'
C:\Users\School\Desktop\Transformice Fishing Event\app.c(2428,31): warning C4047: '!=': 'int' differs in levels of indirection from 'void *'
C:\Users\School\Desktop\Transformice Fishing Event\app.c(2432,31): warning C4047: '!=': 'int' differs in levels of indirection from 'void *'
C:\Users\School\Desktop\Transformice Fishing Event\app.c(2436,31): warning C4047: '!=': 'int' differs in levels of indirection from 'void *'
C:\Users\School\Desktop\Transformice Fishing Event\app.c(2440,32): warning C4047: '!=': 'int' differs in levels of indirection from 'void *'
C:\Users\School\Desktop\Transformice Fishing Event\app.c(2440,55): warning C4047: '!=': 'int' differs in levels of indirection from 'void *'
C:\Users\School\Desktop\Transformice Fishing Event\app.c(2445,31): warning C4047: '!=': 'int' differs in levels of indirection from 'void *'
C:\Users\School\Desktop\Transformice Fishing Event\app.c(2449,31): warning C4047: '!=': 'int' differs in levels of indirection from 'void *'
C:\Users\School\Desktop\Transformice Fishing Event\app.c(2453,31): warning C4047: '!=': 'int' differs in levels of indirection from 'void *'
C:\Users\School\Desktop\Transformice Fishing Event\app.c(2457,31): warning C4047: '!=': 'int' differs in levels of indirection from 'void *'
C:\Users\School\Desktop\Transformice Fishing Event\app.c(2461,31): warning C4047: '!=': 'int' differs in levels of indirection from 'void *'
C:\Users\School\Desktop\Transformice Fishing Event\app.c(2465,31): warning C4047: '!=': 'int' differs in levels of indirection from 'void *'
C:\Users\School\Desktop\Transformice Fishing Event\app.c(2469,31): warning C4047: '!=': 'int' differs in levels of indirection from 'void *'
C:\Users\School\Desktop\Transformice Fishing Event\app.c(2473,31): warning C4047: '!=': 'int' differs in levels of indirection from 'void *'
C:\Users\School\Desktop\Transformice Fishing Event\app.c(2477,31): warning C4047: '!=': 'int' differs in levels of indirection from 'void *'
C:\Users\School\Desktop\Transformice Fishing Event\app.c(2481,32): warning C4047: '!=': 'int' differs in levels of indirection from 'void *'
C:\Users\School\Desktop\Transformice Fishing Event\app.c(2481,55): warning C4047: '!=': 'int' differs in levels of indirection from 'void *'
C:\Users\School\Desktop\Transformice Fishing Event\app.c(2486,31): warning C4047: '!=': 'int' differs in levels of indirection from 'void *'
C:\Users\School\Desktop\Transformice Fishing Event\app.c(2490,31): warning C4047: '!=': 'int' differs in levels of indirection from 'void *'
C:\Users\School\Desktop\Transformice Fishing Event\app.c(2494,31): warning C4047: '!=': 'int' differs in levels of indirection from 'void *'
C:\Users\School\Desktop\Transformice Fishing Event\app.c(2498,31): warning C4047: '!=': 'int' differs in levels of indirection from 'void *'
C:\Users\School\Desktop\Transformice Fishing Event\app.c(2502,31): warning C4047: '!=': 'int' differs in levels of indirection from 'void *'
C:\Users\School\Desktop\Transformice Fishing Event\app.c(2506,31): warning C4047: '!=': 'int' differs in levels of indirection from 'void *'
C:\Users\School\Desktop\Transformice Fishing Event\app.c(2510,31): warning C4047: '!=': 'int' differs in levels of indirection from 'void *'
C:\Users\School\Desktop\Transformice Fishing Event\app.c(2514,31): warning C4047: '!=': 'int' differs in levels of indirection from 'void *'
C:\Users\School\Desktop\Transformice Fishing Event\app.c(2518,31): warning C4047: '!=': 'int' differs in levels of indirection from 'void *'
C:\Users\School\Desktop\Transformice Fishing Event\app.c(2522,32): warning C4047: '!=': 'int' differs in levels of indirection from 'void *'
C:\Users\School\Desktop\Transformice Fishing Event\app.c(2522,55): warning C4047: '!=': 'int' differs in levels of indirection from 'void *'
C:\Users\School\Desktop\Transformice Fishing Event\app.c(2527,31): warning C4047: '!=': 'int' differs in levels of indirection from 'void *'
C:\Users\School\Desktop\Transformice Fishing Event\app.c(2531,31): warning C4047: '!=': 'int' differs in levels of indirection from 'void *'
C:\Users\School\Desktop\Transformice Fishing Event\app.c(2535,31): warning C4047: '!=': 'int' differs in levels of indirection from 'void *'
C:\Users\School\Desktop\Transformice Fishing Event\app.c(2539,31): warning C4047: '!=': 'int' differs in levels of indirection from 'void *'
C:\Users\School\Desktop\Transformice Fishing Event\app.c(2543,31): warning C4047: '!=': 'int' differs in levels of indirection from 'void *'
C:\Users\School\Desktop\Transformice Fishing Event\app.c(2547,31): warning C4047: '!=': 'int' differs in levels of indirection from 'void *'
C:\Users\School\Desktop\Transformice Fishing Event\app.c(2551,31): warning C4047: '!=': 'int' differs in levels of indirection from 'void *'
C:\Users\School\Desktop\Transformice Fishing Event\app.c(2555,31): warning C4047: '!=': 'int' differs in levels of indirection from 'void *'
C:\Users\School\Desktop\Transformice Fishing Event\app.c(2559,31): warning C4047: '!=': 'int' differs in levels of indirection from 'void *'
C:\Users\School\Desktop\Transformice Fishing Event\app.c(2563,32): warning C4047: '!=': 'int' differs in levels of indirection from 'void *'
C:\Users\School\Desktop\Transformice Fishing Event\app.c(2563,55): warning C4047: '!=': 'int' differs in levels of indirection from 'void *'
C:\Users\School\Desktop\Transformice Fishing Event\app.c(2750,185): warning C4474: 'printf' : too many arguments passed for format string
C:\Users\School\Desktop\Transformice Fishing Event\app.c(2750,185): message : placeholders and their parameters expect 6 variadic arguments, but 7 were provided
C:\Users\School\Desktop\Transformice Fishing Event\app.c(2833,185): warning C4474: 'printf' : too many arguments passed for format string
C:\Users\School\Desktop\Transformice Fishing Event\app.c(2833,185): message : placeholders and their parameters expect 6 variadic arguments, but 7 were provided
C:\Users\School\Desktop\Transformice Fishing Event\app.c(2924,160): warning C4474: 'printf' : too many arguments passed for format string
C:\Users\School\Desktop\Transformice Fishing Event\app.c(2924,160): message : placeholders and their parameters expect 5 variadic arguments, but 6 were provided
C:\Users\School\Desktop\Transformice Fishing Event\app.c(2981,160): warning C4474: 'printf' : too many arguments passed for format string
C:\Users\School\Desktop\Transformice Fishing Event\app.c(2981,160): message : placeholders and their parameters expect 5 variadic arguments, but 6 were provided
C:\Users\School\Desktop\Transformice Fishing Event\app.c(3061,160): warning C4474: 'printf' : too many arguments passed for format string
C:\Users\School\Desktop\Transformice Fishing Event\app.c(3061,160): message : placeholders and their parameters expect 5 variadic arguments, but 6 were provided
C:\Users\School\Desktop\Transformice Fishing Event\app.c(3107,185): warning C4474: 'printf' : too many arguments passed for format string
C:\Users\School\Desktop\Transformice Fishing Event\app.c(3107,185): message : placeholders and their parameters expect 6 variadic arguments, but 7 were provided
C:\Users\School\Desktop\Transformice Fishing Event\app.c(3186,185): warning C4474: 'printf' : too many arguments passed for format string
C:\Users\School\Desktop\Transformice Fishing Event\app.c(3186,185): message : placeholders and their parameters expect 6 variadic arguments, but 7 were provided
C:\Users\School\Desktop\Transformice Fishing Event\app.c(3267,185): warning C4474: 'printf' : too many arguments passed for format string
C:\Users\School\Desktop\Transformice Fishing Event\app.c(3267,185): message : placeholders and their parameters expect 6 variadic arguments, but 7 were provided
C:\Users\School\Desktop\Transformice Fishing Event\app.c(3303,160): warning C4474: 'printf' : too many arguments passed for format string
C:\Users\School\Desktop\Transformice Fishing Event\app.c(3303,160): message : placeholders and their parameters expect 5 variadic arguments, but 6 were provided
C:\Users\School\Desktop\Transformice Fishing Event\app.c(3349,185): warning C4474: 'printf' : too many arguments passed for format string
C:\Users\School\Desktop\Transformice Fishing Event\app.c(3349,185): message : placeholders and their parameters expect 6 variadic arguments, but 7 were provided
C:\Users\School\Desktop\Transformice Fishing Event\app.c(3385,160): warning C4474: 'printf' : too many arguments passed for format string
C:\Users\School\Desktop\Transformice Fishing Event\app.c(3385,160): message : placeholders and their parameters expect 5 variadic arguments, but 6 were provided
C:\Users\School\Desktop\Transformice Fishing Event\app.c(3468,160): warning C4474: 'printf' : too many arguments passed for format string
C:\Users\School\Desktop\Transformice Fishing Event\app.c(3468,160): message : placeholders and their parameters expect 5 variadic arguments, but 6 were provided
C:\Users\School\Desktop\Transformice Fishing Event\app.c(3540,185): warning C4474: 'printf' : too many arguments passed for format string
C:\Users\School\Desktop\Transformice Fishing Event\app.c(3540,185): message : placeholders and their parameters expect 6 variadic arguments, but 7 were provided
C:\Users\School\Desktop\Transformice Fishing Event\app.c(3647,185): warning C4474: 'printf' : too many arguments passed for format string
C:\Users\School\Desktop\Transformice Fishing Event\app.c(3647,185): message : placeholders and their parameters expect 6 variadic arguments, but 7 were provided
  Transformice Fishing Event.vcxproj -> C:\Users\School\Desktop\Transformice Fishing Event\Debug\Transformice Fishing Event.exe
